<?xml version="1.0" encoding="UTF-8"?>
<!-- Generated by org.testng.reporters.JUnitXMLReporter -->
<testsuite hostname="XIT-IND-LAP35" ignored="0" name="Default test" tests="11" failures="0" timestamp="01 Jun 2018 02:41:17 GMT" time="48.927" errors="0">
  <testcase name="verifyinvalidlogin" time="3.129" classname="com.maventest.automation.uiautomation.loginpage.TC_02_Verify_multiplecredentials"/>
  <testcase name="verifyinvalidlogin" time="2.745" classname="com.maventest.automation.uiautomation.loginpage.TC_02_Verify_multiplecredentials"/>
  <testcase name="verifyinvalidlogin" time="2.895" classname="com.maventest.automation.uiautomation.loginpage.TC_02_Verify_multiplecredentials"/>
  <testcase name="verifyinvalidlogin" time="2.73" classname="com.maventest.automation.uiautomation.loginpage.TC_02_Verify_multiplecredentials"/>
  <testcase name="verifyinvalidlogin" time="2.6" classname="com.maventest.automation.uiautomation.loginpage.TC_02_Verify_multiplecredentials"/>
  <testcase name="verifyinvalidlogin" time="2.739" classname="com.maventest.automation.uiautomation.loginpage.TC_02_Verify_multiplecredentials"/>
  <testcase name="verifyinvalidlogin" time="2.72" classname="com.maventest.automation.uiautomation.loginpage.TC_02_Verify_multiplecredentials"/>
  <testcase name="verifyinvalidlogin" time="2.625" classname="com.maventest.automation.uiautomation.loginpage.TC_02_Verify_multiplecredentials"/>
  <testcase name="verifyinvalidlogin" time="2.646" classname="com.maventest.automation.uiautomation.loginpage.TC_02_Verify_multiplecredentials"/>
  <testcase name="verifyinvalidlogin" time="2.676" classname="com.maventest.automation.uiautomation.loginpage.TC_02_Verify_multiplecredentials"/>
  <testcase name="verifyinvalidlogin" time="2.664" classname="com.maventest.automation.uiautomation.loginpage.TC_02_Verify_multiplecredentials"/>
</testsuite> <!-- Default test -->
